<?xml version="1.0" encoding="UTF-8"?>
<testng-results ignored="0" total="4" passed="4" failed="0" skipped="0">
  <reporter-output>
  </reporter-output>
  <suite started-at="2020-11-02T14:04:19 IST" name="Default suite" finished-at="2020-11-02T14:05:36 IST" duration-ms="76430">
    <groups>
    </groups>
    <test started-at="2020-11-02T14:04:19 IST" name="Default test" finished-at="2020-11-02T14:05:36 IST" duration-ms="76430">
      <class name="com.crm.qa.testcases.TaskPageTest">
        <test-method is-config="true" signature="setUp()[pri:0, instance:com.crm.qa.testcases.TaskPageTest@6ca8564a]" started-at="2020-11-02T14:04:20 IST" name="setUp" finished-at="2020-11-02T14:04:53 IST" duration-ms="32802" status="PASS">
          <reporter-output>
          </reporter-output>
        </test-method> <!-- setUp -->
        <test-method signature="validatecreatNewTask(java.lang.String, java.lang.String, java.lang.String)[pri:1, instance:com.crm.qa.testcases.TaskPageTest@6ca8564a]" started-at="2020-11-02T14:04:53 IST" name="validatecreatNewTask" data-provider="getCrmTestData" finished-at="2020-11-02T14:04:54 IST" duration-ms="1510" status="PASS">
          <params>
            <param index="0">
              <value>
                <![CDATA[mr]]>
              </value>
            </param>
            <param index="1">
              <value>
                <![CDATA[done]]>
              </value>
            </param>
            <param index="2">
              <value>
                <![CDATA[method]]>
              </value>
            </param>
          </params>
          <reporter-output>
          </reporter-output>
        </test-method> <!-- validatecreatNewTask -->
        <test-method is-config="true" signature="tearDown()[pri:0, instance:com.crm.qa.testcases.TaskPageTest@6ca8564a]" started-at="2020-11-02T14:04:54 IST" name="tearDown" finished-at="2020-11-02T14:04:55 IST" duration-ms="1065" status="PASS">
          <reporter-output>
          </reporter-output>
        </test-method> <!-- tearDown -->
        <test-method is-config="true" signature="setUp()[pri:0, instance:com.crm.qa.testcases.TaskPageTest@6ca8564a]" started-at="2020-11-02T14:04:55 IST" name="setUp" finished-at="2020-11-02T14:05:05 IST" duration-ms="9402" status="PASS">
          <reporter-output>
          </reporter-output>
        </test-method> <!-- setUp -->
        <test-method signature="validatecreatNewTask(java.lang.String, java.lang.String, java.lang.String)[pri:1, instance:com.crm.qa.testcases.TaskPageTest@6ca8564a]" started-at="2020-11-02T14:05:05 IST" name="validatecreatNewTask" data-provider="getCrmTestData" finished-at="2020-11-02T14:05:06 IST" duration-ms="1693" status="PASS">
          <params>
            <param index="0">
              <value>
                <![CDATA[mrs]]>
              </value>
            </param>
            <param index="1">
              <value>
                <![CDATA[progress]]>
              </value>
            </param>
            <param index="2">
              <value>
                <![CDATA[function]]>
              </value>
            </param>
          </params>
          <reporter-output>
          </reporter-output>
        </test-method> <!-- validatecreatNewTask -->
        <test-method is-config="true" signature="tearDown()[pri:0, instance:com.crm.qa.testcases.TaskPageTest@6ca8564a]" started-at="2020-11-02T14:05:06 IST" name="tearDown" finished-at="2020-11-02T14:05:08 IST" duration-ms="1196" status="PASS">
          <reporter-output>
          </reporter-output>
        </test-method> <!-- tearDown -->
        <test-method is-config="true" signature="setUp()[pri:0, instance:com.crm.qa.testcases.TaskPageTest@6ca8564a]" started-at="2020-11-02T14:05:08 IST" name="setUp" finished-at="2020-11-02T14:05:21 IST" duration-ms="12899" status="PASS">
          <reporter-output>
          </reporter-output>
        </test-method> <!-- setUp -->
        <test-method signature="validatecreatNewTask(java.lang.String, java.lang.String, java.lang.String)[pri:1, instance:com.crm.qa.testcases.TaskPageTest@6ca8564a]" started-at="2020-11-02T14:05:21 IST" name="validatecreatNewTask" data-provider="getCrmTestData" finished-at="2020-11-02T14:05:23 IST" duration-ms="2161" status="PASS">
          <params>
            <param index="0">
              <value>
                <![CDATA[Dr]]>
              </value>
            </param>
            <param index="1">
              <value>
                <![CDATA[hold]]>
              </value>
            </param>
            <param index="2">
              <value>
                <![CDATA[class]]>
              </value>
            </param>
          </params>
          <reporter-output>
          </reporter-output>
        </test-method> <!-- validatecreatNewTask -->
        <test-method is-config="true" signature="tearDown()[pri:0, instance:com.crm.qa.testcases.TaskPageTest@6ca8564a]" started-at="2020-11-02T14:05:23 IST" name="tearDown" finished-at="2020-11-02T14:05:24 IST" duration-ms="1158" status="PASS">
          <reporter-output>
          </reporter-output>
        </test-method> <!-- tearDown -->
        <test-method is-config="true" signature="setUp()[pri:0, instance:com.crm.qa.testcases.TaskPageTest@6ca8564a]" started-at="2020-11-02T14:05:24 IST" name="setUp" finished-at="2020-11-02T14:05:34 IST" duration-ms="10607" status="PASS">
          <reporter-output>
          </reporter-output>
        </test-method> <!-- setUp -->
        <test-method signature="verifyTaskPageLabel()[pri:2, instance:com.crm.qa.testcases.TaskPageTest@6ca8564a]" started-at="2020-11-02T14:05:34 IST" name="verifyTaskPageLabel" finished-at="2020-11-02T14:05:35 IST" duration-ms="79" status="PASS">
          <reporter-output>
          </reporter-output>
        </test-method> <!-- verifyTaskPageLabel -->
        <test-method is-config="true" signature="tearDown()[pri:0, instance:com.crm.qa.testcases.TaskPageTest@6ca8564a]" started-at="2020-11-02T14:05:35 IST" name="tearDown" finished-at="2020-11-02T14:05:36 IST" duration-ms="1050" status="PASS">
          <reporter-output>
          </reporter-output>
        </test-method> <!-- tearDown -->
      </class> <!-- com.crm.qa.testcases.TaskPageTest -->
    </test> <!-- Default test -->
  </suite> <!-- Default suite -->
</testng-results>
