<?xml version="1.0" encoding="UTF-8"?>
<!-- Generated by org.testng.reporters.JUnitXMLReporter -->
<testsuite ignored="0" hostname="LAPTOP-R4IM7K5S" failures="0" tests="4" name="Default test" time="76.43" errors="0" timestamp="2020-11-02T14:05:36 IST">
  <testcase classname="com.crm.qa.testcases.TaskPageTest" name="validatecreatNewTask" time="1.51"/>
  <testcase classname="com.crm.qa.testcases.TaskPageTest" name="validatecreatNewTask" time="1.693"/>
  <testcase classname="com.crm.qa.testcases.TaskPageTest" name="validatecreatNewTask" time="2.161"/>
  <testcase classname="com.crm.qa.testcases.TaskPageTest" name="verifyTaskPageLabel" time="0.079"/>
</testsuite> <!-- Default test -->
