<?xml version="1.0" encoding="UTF-8"?>
<!-- Generated by org.testng.reporters.JUnitXMLReporter -->
<testsuite ignored="0" hostname="LAPTOP-R4IM7K5S" failures="0" tests="9" name="POM Automation Test  cases" time="138.652" errors="0" timestamp="2020-10-30T00:21:50 IST">
  <testcase classname="com.crm.qa.testcases.LoginPageTest" name="loginPageTitleTest" time="0.046"/>
  <testcase classname="com.crm.qa.testcases.LoginPageTest" name="loginTest" time="0.743"/>
  <testcase classname="com.crm.qa.testcases.HomePageTest" name="verifyHomePageTitleTest" time="0.015"/>
  <testcase classname="com.crm.qa.testcases.HomePageTest" name="verifyuserlabelTest" time="1.007"/>
  <testcase classname="com.crm.qa.testcases.HomePageTest" name="verifycontactslinkTest" time="1.755"/>
  <testcase classname="com.crm.qa.testcases.ContactsPageTest" name="verifycontactspagelabel" time="0.045"/>
  <testcase classname="com.crm.qa.testcases.ContactsPageTest" name="validatecreatNewContact" time="3.489"/>
  <testcase classname="com.crm.qa.testcases.ContactsPageTest" name="validatecreatNewContact" time="3.469"/>
  <testcase classname="com.crm.qa.testcases.ContactsPageTest" name="validatecreatNewContact" time="4.777"/>
</testsuite> <!-- POM Automation Test  cases -->
